C:\Users\MAnny\source\repos\ElicitInc\ElicitInc\src\components\about\about.js
C:\Users\MAnny\source\repos\ElicitInc\ElicitInc\src\components\about\about.js.map
C:\Users\MAnny\source\repos\ElicitInc\ElicitInc\src\components\home\home.js
C:\Users\MAnny\source\repos\ElicitInc\ElicitInc\src\components\home\home.js.map
C:\Users\MAnny\source\repos\ElicitInc\ElicitInc\src\router.js
C:\Users\MAnny\source\repos\ElicitInc\ElicitInc\src\router.js.map
C:\Users\MAnny\source\repos\ElicitInc\ElicitInc\src\interfaces\IKeyValue.js
C:\Users\MAnny\source\repos\ElicitInc\ElicitInc\src\interfaces\IKeyValue.js.map
C:\Users\MAnny\source\repos\ElicitInc\ElicitInc\src\interfaces\IButtonProps.js
C:\Users\MAnny\source\repos\ElicitInc\ElicitInc\src\interfaces\IButtonProps.js.map
C:\Users\MAnny\source\repos\ElicitInc\ElicitInc\src\interfaces\IInputProps.js
C:\Users\MAnny\source\repos\ElicitInc\ElicitInc\src\interfaces\IInputProps.js.map
C:\Users\MAnny\source\repos\ElicitInc\ElicitInc\src\interfaces\IDropDownListProps.js
C:\Users\MAnny\source\repos\ElicitInc\ElicitInc\src\interfaces\IDropDownListProps.js.map
C:\Users\MAnny\source\repos\ElicitInc\ElicitInc\src\interfaces\ITextAreaProps.js
C:\Users\MAnny\source\repos\ElicitInc\ElicitInc\src\interfaces\ITextAreaProps.js.map
C:\Users\MAnny\source\repos\ElicitInc\ElicitInc\src\interfaces\index.js
C:\Users\MAnny\source\repos\ElicitInc\ElicitInc\src\interfaces\index.js.map
C:\Users\MAnny\source\repos\ElicitInc\ElicitInc\src\components\form\button.js
C:\Users\MAnny\source\repos\ElicitInc\ElicitInc\src\components\form\button.js.map
C:\Users\MAnny\source\repos\ElicitInc\ElicitInc\src\components\form\dropdownlist.js
C:\Users\MAnny\source\repos\ElicitInc\ElicitInc\src\components\form\dropdownlist.js.map
C:\Users\MAnny\source\repos\ElicitInc\ElicitInc\src\components\form\input.js
C:\Users\MAnny\source\repos\ElicitInc\ElicitInc\src\components\form\input.js.map
C:\Users\MAnny\source\repos\ElicitInc\ElicitInc\src\components\form\textarea.js
C:\Users\MAnny\source\repos\ElicitInc\ElicitInc\src\components\form\textarea.js.map
C:\Users\MAnny\source\repos\ElicitInc\ElicitInc\src\components\form\password.js
C:\Users\MAnny\source\repos\ElicitInc\ElicitInc\src\components\form\password.js.map
C:\Users\MAnny\source\repos\ElicitInc\ElicitInc\src\components\form\index.js
C:\Users\MAnny\source\repos\ElicitInc\ElicitInc\src\components\form\index.js.map
C:\Users\MAnny\source\repos\ElicitInc\ElicitInc\src\components\header\header.js
C:\Users\MAnny\source\repos\ElicitInc\ElicitInc\src\components\header\header.js.map
